<?xml version="1.0" encoding="UTF-8"?>
<testsuite xmlns:xsi="http://www.w3.org/2001/XMLSchema-instance" xsi:noNamespaceSchemaLocation="https://maven.apache.org/surefire/maven-surefire-plugin/xsd/surefire-test-report.xsd" version="3.0.2" name="com.mgcss.MgcssTrackApplicationTests" time="6.736" tests="1" errors="0" skipped="0" failures="0">
  <properties>
[...]
</properties>
  <testcase name="contextLoads" classname="com.mgcss.MgcssTrackApplicationTests" time="1.549">
    <system-out><![CDATA[12:15:57.722 [main] INFO org.springframework.test.context.support.AnnotationConfigContextLoaderUtils -- Could not detect default configuration classes for test class [com.mgcss.MgcssTrackApplicationTests]: MgcssTrackApplicationTests does not declare any static, non-private, non-final, nested classes annotated with @Configuration.
12:15:57.986 [main] INFO org.springframework.boot.test.context.SpringBootTestContextBootstrapper -- Found @SpringBootConfiguration com.mgcss.MgcssTrackApplication for test class com.mgcss.MgcssTrackApplicationTests
12:15:58.388 [main] INFO org.springframework.boot.devtools.restart.RestartApplicationListener -- Restart disabled due to context in which it is running

  .   ____          _            __ _ _
 /\\ / ___'_ __ _ _(_)_ __  __ _ \ \ \ \
( ( )\___ | '_ | '_| | '_ \/ _` | \ \ \ \
 \\/  ___)| |_)| | | | | || (_| |  ) ) ) )
  '  |____| .__|_| |_|_| |_\__, | / / / /
 =========|_|==============|___/=/_/_/_/

 :: Spring Boot ::               (v3.5.11)

2026-03-16T12:15:59.146+01:00  INFO 31344 --- [mgcss-track] [           main] com.mgcss.MgcssTrackApplicationTests     : Starting MgcssTrackApplicationTests using Java 23.0.2 with PID 31344 (started by Pc in C:\Users\Pc\Desktop\CLASES\4� A�O\2� CUATRI\MGCSS\Practicas\mgcss-track-1)
2026-03-16T12:15:59.150+01:00  INFO 31344 --- [mgcss-track] [           main] com.mgcss.MgcssTrackApplicationTests     : No active profile set, falling back to 1 default profile: "default"
2026-03-16T12:16:02.543+01:00  INFO 31344 --- [mgcss-track] [           main] com.mgcss.MgcssTrackApplicationTests     : Started MgcssTrackApplicationTests in 4.182 seconds (process running for 6.429)
2026-03-16T12:16:02.551+01:00  WARN 31344 --- [mgcss-track] [           main] o.s.core.events.SpringDocAppInitializer  : SpringDoc /v3/api-docs endpoint is enabled by default. To disable it in production, set the property 'springdoc.api-docs.enabled=false'
2026-03-16T12:16:02.555+01:00  WARN 31344 --- [mgcss-track] [           main] o.s.core.events.SpringDocAppInitializer  : SpringDoc /swagger-ui.html endpoint is enabled by default. To disable it in production, set the property 'springdoc.swagger-ui.enabled=false'
]]></system-out>
    <system-err><![CDATA[Mockito is currently self-attaching to enable the inline-mock-maker. This will no longer work in future releases of the JDK. Please add Mockito as an agent to your build as described in Mockito's documentation: https://javadoc.io/doc/org.mockito/mockito-core/latest/org.mockito/org/mockito/Mockito.html#0.3
WARNING: A Java agent has been loaded dynamically (C:\Users\Pc\.m2\repository\net\bytebuddy\byte-buddy-agent\1.17.8\byte-buddy-agent-1.17.8.jar)
WARNING: If a serviceability tool is in use, please run with -XX:+EnableDynamicAgentLoading to hide this warning
WARNING: If a serviceability tool is not in use, please run with -Djdk.instrument.traceUsage for more information
WARNING: Dynamic loading of agents will be disallowed by default in a future release
]]></system-err>
  </testcase>
</testsuite>